<?xml version="1.0" encoding="UTF-8"?>
<testsuite xmlns:xsi="http://www.w3.org/2001/XMLSchema-instance" xsi:noNamespaceSchemaLocation="https://maven.apache.org/surefire/maven-surefire-plugin/xsd/surefire-test-report-3.0.xsd" version="3.0" name="com.kgisl.qs1.CalculatorTest" time="0" tests="4" errors="0" skipped="0" failures="0">
  <properties>
[...]
</properties>
  <testcase name="subTest" classname="com.kgisl.qs1.CalculatorTest" time="0"/>
  <testcase name="addTest" classname="com.kgisl.qs1.CalculatorTest" time="0"/>
  <testcase name="mulTest" classname="com.kgisl.qs1.CalculatorTest" time="0"/>
  <testcase name="divTest" classname="com.kgisl.qs1.CalculatorTest" time="0"/>
</testsuite>